Setup the new merge driver
--------------------------
Registering versionmerge in users ~/.gitconfig
Done.

Setup this repo to use versionmerge
-----------------------------------
.gitattributes is already setup for versionmerge
item: /home/mjohnson/puppet-cfg/modules/activemq has been version-merged

Setup the new merge driver
--------------------------
Registering versionmerge in users ~/.gitconfig
Done.

Setup this repo to use versionmerge
-----------------------------------
.gitattributes is already setup for versionmerge
item: /home/mjohnson/puppet-cfg/modules/antivirus has been version-merged

Setup the new merge driver
--------------------------
Registering versionmerge in users ~/.gitconfig
Done.

Setup this repo to use versionmerge
-----------------------------------
.gitattributes is already setup for versionmerge
item: /home/mjohnson/puppet-cfg/modules/appsjboss has been version-merged

Setup the new merge driver
--------------------------
Registering versionmerge in users ~/.gitconfig
Done.

Setup this repo to use versionmerge
-----------------------------------
.gitattributes is already setup for versionmerge
item: /home/mjohnson/puppet-cfg/modules/appsjboss7 has been version-merged

Setup the new merge driver
--------------------------
Registering versionmerge in users ~/.gitconfig
Done.

Setup this repo to use versionmerge
-----------------------------------
.gitattributes is already setup for versionmerge
item: /home/mjohnson/puppet-cfg/modules/appsproxy has been version-merged

Setup the new merge driver
--------------------------
Registering versionmerge in users ~/.gitconfig
Done.

Setup this repo to use versionmerge
-----------------------------------
.gitattributes is already setup for versionmerge
item: /home/mjohnson/puppet-cfg/modules/appsrails has been version-merged

Setup the new merge driver
--------------------------
Registering versionmerge in users ~/.gitconfig
Done.

Setup this repo to use versionmerge
-----------------------------------
.gitattributes is already setup for versionmerge
item: /home/mjohnson/puppet-cfg/modules/appstraining has been version-merged

Setup the new merge driver
--------------------------
Registering versionmerge in users ~/.gitconfig
Done.

Setup this repo to use versionmerge
-----------------------------------
.gitattributes is already setup for versionmerge
item: /home/mjohnson/puppet-cfg/modules/aspire has been version-merged

Setup the new merge driver
--------------------------
Registering versionmerge in users ~/.gitconfig
Done.

Setup this repo to use versionmerge
-----------------------------------
.gitattributes is already setup for versionmerge
item: /home/mjohnson/puppet-cfg/modules/auth has been version-merged

Setup the new merge driver
--------------------------
Registering versionmerge in users ~/.gitconfig
Done.

Setup this repo to use versionmerge
-----------------------------------
.gitattributes is already setup for versionmerge
item: /home/mjohnson/puppet-cfg/modules/avalon has been version-merged

Setup the new merge driver
--------------------------
Registering versionmerge in users ~/.gitconfig
Done.

Setup this repo to use versionmerge
-----------------------------------
.gitattributes is already setup for versionmerge
item: /home/mjohnson/puppet-cfg/modules/backup has been version-merged

Setup the new merge driver
--------------------------
Registering versionmerge in users ~/.gitconfig
Done.

Setup this repo to use versionmerge
-----------------------------------
.gitattributes is already setup for versionmerge
item: /home/mjohnson/puppet-cfg/modules/base has been version-merged

Setup the new merge driver
--------------------------
Registering versionmerge in users ~/.gitconfig
Done.

Setup this repo to use versionmerge
-----------------------------------
.gitattributes is already setup for versionmerge
item: /home/mjohnson/puppet-cfg/modules/bastion has been version-merged

Setup the new merge driver
--------------------------
Registering versionmerge in users ~/.gitconfig
Done.

Setup this repo to use versionmerge
-----------------------------------
.gitattributes is already setup for versionmerge
item: /home/mjohnson/puppet-cfg/modules/bizservices has been version-merged

Setup the new merge driver
--------------------------
Registering versionmerge in users ~/.gitconfig
Done.

Setup this repo to use versionmerge
-----------------------------------
.gitattributes is already setup for versionmerge
item: /home/mjohnson/puppet-cfg/modules/blog has been version-merged

Setup the new merge driver
--------------------------
Registering versionmerge in users ~/.gitconfig
Done.

Setup this repo to use versionmerge
-----------------------------------
.gitattributes is already setup for versionmerge
item: /home/mjohnson/puppet-cfg/modules/bugzilla has been version-merged

Setup the new merge driver
--------------------------
Registering versionmerge in users ~/.gitconfig
Done.

Setup this repo to use versionmerge
-----------------------------------
.gitattributes is already setup for versionmerge
item: /home/mjohnson/puppet-cfg/modules/buildsystem has been version-merged

Setup the new merge driver
--------------------------
Registering versionmerge in users ~/.gitconfig
Done.

Setup this repo to use versionmerge
-----------------------------------
.gitattributes is already setup for versionmerge
item: /home/mjohnson/puppet-cfg/modules/candlepin has been version-merged

Setup the new merge driver
--------------------------
Registering versionmerge in users ~/.gitconfig
Done.

Setup this repo to use versionmerge
-----------------------------------
.gitattributes is already setup for versionmerge
item: /home/mjohnson/puppet-cfg/modules/catalogdiff has been version-merged

Setup the new merge driver
--------------------------
Registering versionmerge in users ~/.gitconfig
Done.

Setup this repo to use versionmerge
-----------------------------------
.gitattributes is already setup for versionmerge
item: /home/mjohnson/puppet-cfg/modules/certificateauthority has been version-merged

Setup the new merge driver
--------------------------
Registering versionmerge in users ~/.gitconfig
Done.

Setup this repo to use versionmerge
-----------------------------------
.gitattributes is already setup for versionmerge
item: /home/mjohnson/puppet-cfg/modules/certificates has been version-merged

Setup the new merge driver
--------------------------
Registering versionmerge in users ~/.gitconfig
Done.

Setup this repo to use versionmerge
-----------------------------------
.gitattributes is already setup for versionmerge
item: /home/mjohnson/puppet-cfg/modules/cfid has been version-merged

Setup the new merge driver
--------------------------
Registering versionmerge in users ~/.gitconfig
Done.

Setup this repo to use versionmerge
-----------------------------------
.gitattributes is already setup for versionmerge
item: /home/mjohnson/puppet-cfg/modules/cfse has been version-merged

Setup the new merge driver
--------------------------
Registering versionmerge in users ~/.gitconfig
Done.

Setup this repo to use versionmerge
-----------------------------------
.gitattributes is already setup for versionmerge
item: /home/mjohnson/puppet-cfg/modules/clonepin has been version-merged

Setup the new merge driver
--------------------------
Registering versionmerge in users ~/.gitconfig
Done.

Setup this repo to use versionmerge
-----------------------------------
.gitattributes is already setup for versionmerge
item: /home/mjohnson/puppet-cfg/modules/clustersuite has been version-merged

Setup the new merge driver
--------------------------
Registering versionmerge in users ~/.gitconfig
Done.

Setup this repo to use versionmerge
-----------------------------------
.gitattributes is already setup for versionmerge
item: /home/mjohnson/puppet-cfg/modules/cobbler has been version-merged

Setup the new merge driver
--------------------------
Registering versionmerge in users ~/.gitconfig
Done.

Setup this repo to use versionmerge
-----------------------------------
.gitattributes is already setup for versionmerge
item: /home/mjohnson/puppet-cfg/modules/concat has been version-merged

Setup the new merge driver
--------------------------
Registering versionmerge in users ~/.gitconfig
Done.

Setup this repo to use versionmerge
-----------------------------------
.gitattributes is already setup for versionmerge
item: /home/mjohnson/puppet-cfg/modules/confernomicon has been version-merged

Setup the new merge driver
--------------------------
Registering versionmerge in users ~/.gitconfig
Done.

Setup this repo to use versionmerge
-----------------------------------
.gitattributes is already setup for versionmerge
item: /home/mjohnson/puppet-cfg/modules/contentmgr has been version-merged

Setup the new merge driver
--------------------------
Registering versionmerge in users ~/.gitconfig
Done.

Setup this repo to use versionmerge
-----------------------------------
.gitattributes is already setup for versionmerge
item: /home/mjohnson/puppet-cfg/modules/couchdb has been version-merged

Setup the new merge driver
--------------------------
Registering versionmerge in users ~/.gitconfig
Done.

Setup this repo to use versionmerge
-----------------------------------
.gitattributes is already setup for versionmerge
item: /home/mjohnson/puppet-cfg/modules/cron has been version-merged

Setup the new merge driver
--------------------------
Registering versionmerge in users ~/.gitconfig
Done.

Setup this repo to use versionmerge
-----------------------------------
.gitattributes is already setup for versionmerge
item: /home/mjohnson/puppet-cfg/modules/csp has been version-merged

Setup the new merge driver
--------------------------
Registering versionmerge in users ~/.gitconfig
Done.

Setup this repo to use versionmerge
-----------------------------------
.gitattributes is already setup for versionmerge
item: /home/mjohnson/puppet-cfg/modules/cups has been version-merged

Setup the new merge driver
--------------------------
Registering versionmerge in users ~/.gitconfig
Done.

Setup this repo to use versionmerge
-----------------------------------
.gitattributes is already setup for versionmerge
item: /home/mjohnson/puppet-cfg/modules/cve has been version-merged

Setup the new merge driver
--------------------------
Registering versionmerge in users ~/.gitconfig
Done.

Setup this repo to use versionmerge
-----------------------------------
.gitattributes is already setup for versionmerge
item: /home/mjohnson/puppet-cfg/modules/datacat has been version-merged

Setup the new merge driver
--------------------------
Registering versionmerge in users ~/.gitconfig
Done.

Setup this repo to use versionmerge
-----------------------------------
.gitattributes is already setup for versionmerge
item: /home/mjohnson/puppet-cfg/modules/datasources has been version-merged

Setup the new merge driver
--------------------------
Registering versionmerge in users ~/.gitconfig
Done.

Setup this repo to use versionmerge
-----------------------------------
.gitattributes is already setup for versionmerge
item: /home/mjohnson/puppet-cfg/modules/datawarehouse has been version-merged

Setup the new merge driver
--------------------------
Registering versionmerge in users ~/.gitconfig
Done.

Setup this repo to use versionmerge
-----------------------------------
.gitattributes is already setup for versionmerge
item: /home/mjohnson/puppet-cfg/modules/ddns has been version-merged

Setup the new merge driver
--------------------------
Registering versionmerge in users ~/.gitconfig
Done.

Setup this repo to use versionmerge
-----------------------------------
.gitattributes is already setup for versionmerge
item: /home/mjohnson/puppet-cfg/modules/dev-certificates has been version-merged

Setup the new merge driver
--------------------------
Registering versionmerge in users ~/.gitconfig
Done.

Setup this repo to use versionmerge
-----------------------------------
.gitattributes is already setup for versionmerge
item: /home/mjohnson/puppet-cfg/modules/devlab has been version-merged

Setup the new merge driver
--------------------------
Registering versionmerge in users ~/.gitconfig
Done.

Setup this repo to use versionmerge
-----------------------------------
.gitattributes is already setup for versionmerge
item: /home/mjohnson/puppet-cfg/modules/dev-opsprivate has been version-merged

Setup the new merge driver
--------------------------
Registering versionmerge in users ~/.gitconfig
Done.

Setup this repo to use versionmerge
-----------------------------------
.gitattributes is already setup for versionmerge
item: /home/mjohnson/puppet-cfg/modules/dev-passwords has been version-merged

Setup the new merge driver
--------------------------
Registering versionmerge in users ~/.gitconfig
Done.

Setup this repo to use versionmerge
-----------------------------------
.gitattributes is already setup for versionmerge
item: /home/mjohnson/puppet-cfg/modules/devtools has been version-merged

Setup the new merge driver
--------------------------
Registering versionmerge in users ~/.gitconfig
Done.

Setup this repo to use versionmerge
-----------------------------------
.gitattributes is already setup for versionmerge
item: /home/mjohnson/puppet-cfg/modules/dhcp has been version-merged

Setup the new merge driver
--------------------------
Registering versionmerge in users ~/.gitconfig
Done.

Setup this repo to use versionmerge
-----------------------------------
.gitattributes is already setup for versionmerge
item: /home/mjohnson/puppet-cfg/modules/dns has been version-merged

Setup the new merge driver
--------------------------
Registering versionmerge in users ~/.gitconfig
Done.

Setup this repo to use versionmerge
-----------------------------------
.gitattributes is already setup for versionmerge
item: /home/mjohnson/puppet-cfg/modules/docspace has been version-merged

Setup the new merge driver
--------------------------
Registering versionmerge in users ~/.gitconfig
Done.

Setup this repo to use versionmerge
-----------------------------------
.gitattributes is already setup for versionmerge
item: /home/mjohnson/puppet-cfg/modules/docushare has been version-merged

Setup the new merge driver
--------------------------
Registering versionmerge in users ~/.gitconfig
Done.

Setup this repo to use versionmerge
-----------------------------------
.gitattributes is already setup for versionmerge
item: /home/mjohnson/puppet-cfg/modules/download has been version-merged

Setup the new merge driver
--------------------------
Registering versionmerge in users ~/.gitconfig
Done.

Setup this repo to use versionmerge
-----------------------------------
.gitattributes is already setup for versionmerge
item: /home/mjohnson/puppet-cfg/modules/downloader has been version-merged

Setup the new merge driver
--------------------------
Registering versionmerge in users ~/.gitconfig
Done.

Setup this repo to use versionmerge
-----------------------------------
.gitattributes is already setup for versionmerge
item: /home/mjohnson/puppet-cfg/modules/engsup_apps has been version-merged

Setup the new merge driver
--------------------------
Registering versionmerge in users ~/.gitconfig
Done.

Setup this repo to use versionmerge
-----------------------------------
.gitattributes is already setup for versionmerge
item: /home/mjohnson/puppet-cfg/modules/errata has been version-merged

Setup the new merge driver
--------------------------
Registering versionmerge in users ~/.gitconfig
Done.

Setup this repo to use versionmerge
-----------------------------------
.gitattributes is already setup for versionmerge
item: /home/mjohnson/puppet-cfg/modules/esb has been version-merged

Setup the new merge driver
--------------------------
Registering versionmerge in users ~/.gitconfig
Done.

Setup this repo to use versionmerge
-----------------------------------
.gitattributes is already setup for versionmerge
item: /home/mjohnson/puppet-cfg/modules/esbtools has been version-merged

Setup the new merge driver
--------------------------
Registering versionmerge in users ~/.gitconfig
Done.

Setup this repo to use versionmerge
-----------------------------------
.gitattributes is already setup for versionmerge
item: /home/mjohnson/puppet-cfg/modules/escrow has been version-merged

Setup the new merge driver
--------------------------
Registering versionmerge in users ~/.gitconfig
Done.

Setup this repo to use versionmerge
-----------------------------------
.gitattributes is already setup for versionmerge
item: /home/mjohnson/puppet-cfg/modules/etherpad has been version-merged

Setup the new merge driver
--------------------------
Registering versionmerge in users ~/.gitconfig
Done.

Setup this repo to use versionmerge
-----------------------------------
.gitattributes is already setup for versionmerge
item: /home/mjohnson/puppet-cfg/modules/example has been version-merged

Setup the new merge driver
--------------------------
Registering versionmerge in users ~/.gitconfig
Done.

Setup this repo to use versionmerge
-----------------------------------
.gitattributes is already setup for versionmerge
item: /home/mjohnson/puppet-cfg/modules/f5 has been version-merged

Setup the new merge driver
--------------------------
Registering versionmerge in users ~/.gitconfig
Done.

Setup this repo to use versionmerge
-----------------------------------
.gitattributes is already setup for versionmerge
item: /home/mjohnson/puppet-cfg/modules/f5test has been version-merged

Setup the new merge driver
--------------------------
Registering versionmerge in users ~/.gitconfig
Done.

Setup this repo to use versionmerge
-----------------------------------
.gitattributes is already setup for versionmerge
item: /home/mjohnson/puppet-cfg/modules/fedora has been version-merged

Setup the new merge driver
--------------------------
Registering versionmerge in users ~/.gitconfig
Done.

Setup this repo to use versionmerge
-----------------------------------
.gitattributes is already setup for versionmerge
item: /home/mjohnson/puppet-cfg/modules/firewall has been version-merged

Setup the new merge driver
--------------------------
Registering versionmerge in users ~/.gitconfig
Done.

Setup this repo to use versionmerge
-----------------------------------
.gitattributes is already setup for versionmerge
item: /home/mjohnson/puppet-cfg/modules/foreman has been version-merged

Setup the new merge driver
--------------------------
Registering versionmerge in users ~/.gitconfig
Done.

Setup this repo to use versionmerge
-----------------------------------
.gitattributes is already setup for versionmerge
item: /home/mjohnson/puppet-cfg/modules/foswiki has been version-merged

Setup the new merge driver
--------------------------
Registering versionmerge in users ~/.gitconfig
Done.

Setup this repo to use versionmerge
-----------------------------------
.gitattributes is already setup for versionmerge
item: /home/mjohnson/puppet-cfg/modules/ftp has been version-merged

Setup the new merge driver
--------------------------
Registering versionmerge in users ~/.gitconfig
Done.

Setup this repo to use versionmerge
-----------------------------------
.gitattributes is already setup for versionmerge
item: /home/mjohnson/puppet-cfg/modules/func has been version-merged

Setup the new merge driver
--------------------------
Registering versionmerge in users ~/.gitconfig
Done.

Setup this repo to use versionmerge
-----------------------------------
.gitattributes is already setup for versionmerge
item: /home/mjohnson/puppet-cfg/modules/git has been version-merged

Setup the new merge driver
--------------------------
Registering versionmerge in users ~/.gitconfig
Done.

Setup this repo to use versionmerge
-----------------------------------
.gitattributes is already setup for versionmerge
item: /home/mjohnson/puppet-cfg/modules/gitolite has been version-merged

Setup the new merge driver
--------------------------
Registering versionmerge in users ~/.gitconfig
Done.

Setup this repo to use versionmerge
-----------------------------------
.gitattributes is already setup for versionmerge
item: /home/mjohnson/puppet-cfg/modules/glsalfresco has been version-merged

Setup the new merge driver
--------------------------
Registering versionmerge in users ~/.gitconfig
Done.

Setup this repo to use versionmerge
-----------------------------------
.gitattributes is already setup for versionmerge
item: /home/mjohnson/puppet-cfg/modules/grub has been version-merged

Setup the new merge driver
--------------------------
Registering versionmerge in users ~/.gitconfig
Done.

Setup this repo to use versionmerge
-----------------------------------
.gitattributes is already setup for versionmerge
item: /home/mjohnson/puppet-cfg/modules/gsaproxy has been version-merged

Setup the new merge driver
--------------------------
Registering versionmerge in users ~/.gitconfig
Done.

Setup this repo to use versionmerge
-----------------------------------
.gitattributes is already setup for versionmerge
item: /home/mjohnson/puppet-cfg/modules/hades has been version-merged

Setup the new merge driver
--------------------------
Registering versionmerge in users ~/.gitconfig
Done.

Setup this repo to use versionmerge
-----------------------------------
.gitattributes is already setup for versionmerge
item: /home/mjohnson/puppet-cfg/modules/hardware has been version-merged

Setup the new merge driver
--------------------------
Registering versionmerge in users ~/.gitconfig
Done.

Setup this repo to use versionmerge
-----------------------------------
.gitattributes is already setup for versionmerge
item: /home/mjohnson/puppet-cfg/modules/homecorp has been version-merged

Setup the new merge driver
--------------------------
Registering versionmerge in users ~/.gitconfig
Done.

Setup this repo to use versionmerge
-----------------------------------
.gitattributes is already setup for versionmerge
item: /home/mjohnson/puppet-cfg/modules/homedirs has been version-merged

Setup the new merge driver
--------------------------
Registering versionmerge in users ~/.gitconfig
Done.

Setup this repo to use versionmerge
-----------------------------------
.gitattributes is already setup for versionmerge
item: /home/mjohnson/puppet-cfg/modules/hotfixes has been version-merged

Setup the new merge driver
--------------------------
Registering versionmerge in users ~/.gitconfig
Done.

Setup this repo to use versionmerge
-----------------------------------
.gitattributes is already setup for versionmerge
item: /home/mjohnson/puppet-cfg/modules/hurl has been version-merged

Setup the new merge driver
--------------------------
Registering versionmerge in users ~/.gitconfig
Done.

Setup this repo to use versionmerge
-----------------------------------
.gitattributes is already setup for versionmerge
item: /home/mjohnson/puppet-cfg/modules/intapp has been version-merged

Setup the new merge driver
--------------------------
Registering versionmerge in users ~/.gitconfig
Done.

Setup this repo to use versionmerge
-----------------------------------
.gitattributes is already setup for versionmerge
item: /home/mjohnson/puppet-cfg/modules/ipa has been version-merged

Setup the new merge driver
--------------------------
Registering versionmerge in users ~/.gitconfig
Done.

Setup this repo to use versionmerge
-----------------------------------
.gitattributes is already setup for versionmerge
item: /home/mjohnson/puppet-cfg/modules/irc has been version-merged

Setup the new merge driver
--------------------------
Registering versionmerge in users ~/.gitconfig
Done.

Setup this repo to use versionmerge
-----------------------------------
.gitattributes is already setup for versionmerge
item: /home/mjohnson/puppet-cfg/modules/issuetracker has been version-merged

Setup the new merge driver
--------------------------
Registering versionmerge in users ~/.gitconfig
Done.

Setup this repo to use versionmerge
-----------------------------------
.gitattributes is already setup for versionmerge
item: /home/mjohnson/puppet-cfg/modules/itengtools has been version-merged

Setup the new merge driver
--------------------------
Registering versionmerge in users ~/.gitconfig
Done.

Setup this repo to use versionmerge
-----------------------------------
.gitattributes is already setup for versionmerge
item: /home/mjohnson/puppet-cfg/modules/itos has been version-merged

Setup the new merge driver
--------------------------
Registering versionmerge in users ~/.gitconfig
Done.

Setup this repo to use versionmerge
-----------------------------------
.gitattributes is already setup for versionmerge
item: /home/mjohnson/puppet-cfg/modules/java_ks has been version-merged

Setup the new merge driver
--------------------------
Registering versionmerge in users ~/.gitconfig
Done.

Setup this repo to use versionmerge
-----------------------------------
.gitattributes is already setup for versionmerge
item: /home/mjohnson/puppet-cfg/modules/jenkins has been version-merged

Setup the new merge driver
--------------------------
Registering versionmerge in users ~/.gitconfig
Done.

Setup this repo to use versionmerge
-----------------------------------
.gitattributes is already setup for versionmerge
item: /home/mjohnson/puppet-cfg/modules/jform has been version-merged

Setup the new merge driver
--------------------------
Registering versionmerge in users ~/.gitconfig
Done.

Setup this repo to use versionmerge
-----------------------------------
.gitattributes is already setup for versionmerge
item: /home/mjohnson/puppet-cfg/modules/kdump has been version-merged

Setup the new merge driver
--------------------------
Registering versionmerge in users ~/.gitconfig
Done.

Setup this repo to use versionmerge
-----------------------------------
.gitattributes is already setup for versionmerge
item: /home/mjohnson/puppet-cfg/modules/kerberos has been version-merged

Setup the new merge driver
--------------------------
Registering versionmerge in users ~/.gitconfig
Done.

Setup this repo to use versionmerge
-----------------------------------
.gitattributes is already setup for versionmerge
item: /home/mjohnson/puppet-cfg/modules/knowledgebase has been version-merged

Setup the new merge driver
--------------------------
Registering versionmerge in users ~/.gitconfig
Done.

Setup this repo to use versionmerge
-----------------------------------
.gitattributes is already setup for versionmerge
item: /home/mjohnson/puppet-cfg/modules/ksb has been version-merged

Setup the new merge driver
--------------------------
Registering versionmerge in users ~/.gitconfig
Done.

Setup this repo to use versionmerge
-----------------------------------
.gitattributes is already setup for versionmerge
item: /home/mjohnson/puppet-cfg/modules/ldap has been version-merged

Setup the new merge driver
--------------------------
Registering versionmerge in users ~/.gitconfig
Done.

Setup this repo to use versionmerge
-----------------------------------
.gitattributes is already setup for versionmerge
item: /home/mjohnson/puppet-cfg/modules/libadi has been version-merged

Setup the new merge driver
--------------------------
Registering versionmerge in users ~/.gitconfig
Done.

Setup this repo to use versionmerge
-----------------------------------
.gitattributes is already setup for versionmerge
item: /home/mjohnson/puppet-cfg/modules/libalfresco has been version-merged

Setup the new merge driver
--------------------------
Registering versionmerge in users ~/.gitconfig
Done.

Setup this repo to use versionmerge
-----------------------------------
.gitattributes is already setup for versionmerge
item: /home/mjohnson/puppet-cfg/modules/libapache has been version-merged

Setup the new merge driver
--------------------------
Registering versionmerge in users ~/.gitconfig
Done.

Setup this repo to use versionmerge
-----------------------------------
.gitattributes is already setup for versionmerge
item: /home/mjohnson/puppet-cfg/modules/libci has been version-merged

Setup the new merge driver
--------------------------
Registering versionmerge in users ~/.gitconfig
Done.

Setup this repo to use versionmerge
-----------------------------------
.gitattributes is already setup for versionmerge
item: /home/mjohnson/puppet-cfg/modules/libdjango has been version-merged

Setup the new merge driver
--------------------------
Registering versionmerge in users ~/.gitconfig
Done.

Setup this repo to use versionmerge
-----------------------------------
.gitattributes is already setup for versionmerge
item: /home/mjohnson/puppet-cfg/modules/libdrupal has been version-merged

Setup the new merge driver
--------------------------
Registering versionmerge in users ~/.gitconfig
Done.

Setup this repo to use versionmerge
-----------------------------------
.gitattributes is already setup for versionmerge
item: /home/mjohnson/puppet-cfg/modules/libeap6 has been version-merged

Setup the new merge driver
--------------------------
Registering versionmerge in users ~/.gitconfig
Done.

Setup this repo to use versionmerge
-----------------------------------
.gitattributes is already setup for versionmerge
item: /home/mjohnson/puppet-cfg/modules/libhadoop has been version-merged

Setup the new merge driver
--------------------------
Registering versionmerge in users ~/.gitconfig
Done.

Setup this repo to use versionmerge
-----------------------------------
.gitattributes is already setup for versionmerge
item: /home/mjohnson/puppet-cfg/modules/libjava has been version-merged

Setup the new merge driver
--------------------------
Registering versionmerge in users ~/.gitconfig
Done.

Setup this repo to use versionmerge
-----------------------------------
.gitattributes is already setup for versionmerge
item: /home/mjohnson/puppet-cfg/modules/libjboss has been version-merged

Setup the new merge driver
--------------------------
Registering versionmerge in users ~/.gitconfig
Done.

Setup this repo to use versionmerge
-----------------------------------
.gitattributes is already setup for versionmerge
item: /home/mjohnson/puppet-cfg/modules/libmysql has been version-merged

Setup the new merge driver
--------------------------
Registering versionmerge in users ~/.gitconfig
Done.

Setup this repo to use versionmerge
-----------------------------------
.gitattributes is already setup for versionmerge
item: /home/mjohnson/puppet-cfg/modules/libphp has been version-merged

Setup the new merge driver
--------------------------
Registering versionmerge in users ~/.gitconfig
Done.

Setup this repo to use versionmerge
-----------------------------------
.gitattributes is already setup for versionmerge
item: /home/mjohnson/puppet-cfg/modules/libplanet has been version-merged

Setup the new merge driver
--------------------------
Registering versionmerge in users ~/.gitconfig
Done.

Setup this repo to use versionmerge
-----------------------------------
.gitattributes is already setup for versionmerge
item: /home/mjohnson/puppet-cfg/modules/libproxy has been version-merged

Setup the new merge driver
--------------------------
Registering versionmerge in users ~/.gitconfig
Done.

Setup this repo to use versionmerge
-----------------------------------
.gitattributes is already setup for versionmerge
item: /home/mjohnson/puppet-cfg/modules/librack has been version-merged

Setup the new merge driver
--------------------------
Registering versionmerge in users ~/.gitconfig
Done.

Setup this repo to use versionmerge
-----------------------------------
.gitattributes is already setup for versionmerge
item: /home/mjohnson/puppet-cfg/modules/librails has been version-merged

Setup the new merge driver
--------------------------
Registering versionmerge in users ~/.gitconfig
Done.

Setup this repo to use versionmerge
-----------------------------------
.gitattributes is already setup for versionmerge
item: /home/mjohnson/puppet-cfg/modules/libruby has been version-merged

Setup the new merge driver
--------------------------
Registering versionmerge in users ~/.gitconfig
Done.

Setup this repo to use versionmerge
-----------------------------------
.gitattributes is already setup for versionmerge
item: /home/mjohnson/puppet-cfg/modules/librubyweb has been version-merged

Setup the new merge driver
--------------------------
Registering versionmerge in users ~/.gitconfig
Done.

Setup this repo to use versionmerge
-----------------------------------
.gitattributes is already setup for versionmerge
item: /home/mjohnson/puppet-cfg/modules/libsinatra has been version-merged

Setup the new merge driver
--------------------------
Registering versionmerge in users ~/.gitconfig
Done.

Setup this repo to use versionmerge
-----------------------------------
.gitattributes is already setup for versionmerge
item: /home/mjohnson/puppet-cfg/modules/libtomcat has been version-merged

Setup the new merge driver
--------------------------
Registering versionmerge in users ~/.gitconfig
Done.

Setup this repo to use versionmerge
-----------------------------------
.gitattributes is already setup for versionmerge
item: /home/mjohnson/puppet-cfg/modules/libwordpressmu has been version-merged

Setup the new merge driver
--------------------------
Registering versionmerge in users ~/.gitconfig
Done.

Setup this repo to use versionmerge
-----------------------------------
.gitattributes is already setup for versionmerge
item: /home/mjohnson/puppet-cfg/modules/linotp has been version-merged

Setup the new merge driver
--------------------------
Registering versionmerge in users ~/.gitconfig
Done.

Setup this repo to use versionmerge
-----------------------------------
.gitattributes is already setup for versionmerge
item: /home/mjohnson/puppet-cfg/modules/logrotate has been version-merged

Setup the new merge driver
--------------------------
Registering versionmerge in users ~/.gitconfig
Done.

Setup this repo to use versionmerge
-----------------------------------
.gitattributes is already setup for versionmerge
item: /home/mjohnson/puppet-cfg/modules/logwatch has been version-merged

Setup the new merge driver
--------------------------
Registering versionmerge in users ~/.gitconfig
Done.

Setup this repo to use versionmerge
-----------------------------------
.gitattributes is already setup for versionmerge
item: /home/mjohnson/puppet-cfg/modules/magicdraw has been version-merged

Setup the new merge driver
--------------------------
Registering versionmerge in users ~/.gitconfig
Done.

Setup this repo to use versionmerge
-----------------------------------
.gitattributes is already setup for versionmerge
item: /home/mjohnson/puppet-cfg/modules/mah has been version-merged

Setup the new merge driver
--------------------------
Registering versionmerge in users ~/.gitconfig
Done.

Setup this repo to use versionmerge
-----------------------------------
.gitattributes is already setup for versionmerge
item: /home/mjohnson/puppet-cfg/modules/mail has been version-merged

Setup the new merge driver
--------------------------
Registering versionmerge in users ~/.gitconfig
Done.

Setup this repo to use versionmerge
-----------------------------------
.gitattributes is already setup for versionmerge
item: /home/mjohnson/puppet-cfg/modules/mailman has been version-merged

Setup the new merge driver
--------------------------
Registering versionmerge in users ~/.gitconfig
Done.

Setup this repo to use versionmerge
-----------------------------------
.gitattributes is already setup for versionmerge
item: /home/mjohnson/puppet-cfg/modules/marketplace has been version-merged

Setup the new merge driver
--------------------------
Registering versionmerge in users ~/.gitconfig
Done.

Setup this repo to use versionmerge
-----------------------------------
.gitattributes is already setup for versionmerge
item: /home/mjohnson/puppet-cfg/modules/markview has been version-merged

Setup the new merge driver
--------------------------
Registering versionmerge in users ~/.gitconfig
Done.

Setup this repo to use versionmerge
-----------------------------------
.gitattributes is already setup for versionmerge
item: /home/mjohnson/puppet-cfg/modules/maven has been version-merged

Setup the new merge driver
--------------------------
Registering versionmerge in users ~/.gitconfig
Done.

Setup this repo to use versionmerge
-----------------------------------
.gitattributes is already setup for versionmerge
item: /home/mjohnson/puppet-cfg/modules/mcollective has been version-merged

Setup the new merge driver
--------------------------
Registering versionmerge in users ~/.gitconfig
Done.

Setup this repo to use versionmerge
-----------------------------------
.gitattributes is already setup for versionmerge
item: /home/mjohnson/puppet-cfg/modules/memcached has been version-merged

Setup the new merge driver
--------------------------
Registering versionmerge in users ~/.gitconfig
Done.

Setup this repo to use versionmerge
-----------------------------------
.gitattributes is already setup for versionmerge
item: /home/mjohnson/puppet-cfg/modules/mobileconfig has been version-merged

Setup the new merge driver
--------------------------
Registering versionmerge in users ~/.gitconfig
Done.

Setup this repo to use versionmerge
-----------------------------------
.gitattributes is already setup for versionmerge
item: /home/mjohnson/puppet-cfg/modules/mongodb has been version-merged

Setup the new merge driver
--------------------------
Registering versionmerge in users ~/.gitconfig
Done.

Setup this repo to use versionmerge
-----------------------------------
.gitattributes is already setup for versionmerge
item: /home/mjohnson/puppet-cfg/modules/motd has been version-merged

Setup the new merge driver
--------------------------
Registering versionmerge in users ~/.gitconfig
Done.

Setup this repo to use versionmerge
-----------------------------------
.gitattributes is already setup for versionmerge
item: /home/mjohnson/puppet-cfg/modules/mount has been version-merged

Setup the new merge driver
--------------------------
Registering versionmerge in users ~/.gitconfig
Done.

Setup this repo to use versionmerge
-----------------------------------
.gitattributes is already setup for versionmerge
item: /home/mjohnson/puppet-cfg/modules/mpio has been version-merged

Setup the new merge driver
--------------------------
Registering versionmerge in users ~/.gitconfig
Done.

Setup this repo to use versionmerge
-----------------------------------
.gitattributes is already setup for versionmerge
item: /home/mjohnson/puppet-cfg/modules/munin has been version-merged

Setup the new merge driver
--------------------------
Registering versionmerge in users ~/.gitconfig
Done.

Setup this repo to use versionmerge
-----------------------------------
.gitattributes is already setup for versionmerge
item: /home/mjohnson/puppet-cfg/modules/mysql has been version-merged

Setup the new merge driver
--------------------------
Registering versionmerge in users ~/.gitconfig
Done.

Setup this repo to use versionmerge
-----------------------------------
.gitattributes is already setup for versionmerge
item: /home/mjohnson/puppet-cfg/modules/nagios has been version-merged

Setup the new merge driver
--------------------------
Registering versionmerge in users ~/.gitconfig
Done.

Setup this repo to use versionmerge
-----------------------------------
.gitattributes is already setup for versionmerge
item: /home/mjohnson/puppet-cfg/modules/nameserver has been version-merged

Setup the new merge driver
--------------------------
Registering versionmerge in users ~/.gitconfig
Done.

Setup this repo to use versionmerge
-----------------------------------
.gitattributes is already setup for versionmerge
item: /home/mjohnson/puppet-cfg/modules/netapp has been version-merged

Setup the new merge driver
--------------------------
Registering versionmerge in users ~/.gitconfig
Done.

Setup this repo to use versionmerge
-----------------------------------
.gitattributes is already setup for versionmerge
item: /home/mjohnson/puppet-cfg/modules/netbackup has been version-merged

Setup the new merge driver
--------------------------
Registering versionmerge in users ~/.gitconfig
Done.

Setup this repo to use versionmerge
-----------------------------------
.gitattributes is already setup for versionmerge
item: /home/mjohnson/puppet-cfg/modules/netproxy has been version-merged

Setup the new merge driver
--------------------------
Registering versionmerge in users ~/.gitconfig
Done.

Setup this repo to use versionmerge
-----------------------------------
.gitattributes is already setup for versionmerge
item: /home/mjohnson/puppet-cfg/modules/network has been version-merged

Setup the new merge driver
--------------------------
Registering versionmerge in users ~/.gitconfig
Done.

Setup this repo to use versionmerge
-----------------------------------
.gitattributes is already setup for versionmerge
item: /home/mjohnson/puppet-cfg/modules/nfs has been version-merged

Setup the new merge driver
--------------------------
Registering versionmerge in users ~/.gitconfig
Done.

Setup this repo to use versionmerge
-----------------------------------
.gitattributes is already setup for versionmerge
item: /home/mjohnson/puppet-cfg/modules/nis has been version-merged

Setup the new merge driver
--------------------------
Registering versionmerge in users ~/.gitconfig
Done.

Setup this repo to use versionmerge
-----------------------------------
.gitattributes is already setup for versionmerge
item: /home/mjohnson/puppet-cfg/modules/ntp has been version-merged

Setup the new merge driver
--------------------------
Registering versionmerge in users ~/.gitconfig
Done.

Setup this repo to use versionmerge
-----------------------------------
.gitattributes is already setup for versionmerge
item: /home/mjohnson/puppet-cfg/modules/office has been version-merged

Setup the new merge driver
--------------------------
Registering versionmerge in users ~/.gitconfig
Done.

Setup this repo to use versionmerge
-----------------------------------
.gitattributes is already setup for versionmerge
item: /home/mjohnson/puppet-cfg/modules/openshift has been version-merged

Setup the new merge driver
--------------------------
Registering versionmerge in users ~/.gitconfig
Done.

Setup this repo to use versionmerge
-----------------------------------
.gitattributes is already setup for versionmerge
item: /home/mjohnson/puppet-cfg/modules/openvpn has been version-merged

Setup the new merge driver
--------------------------
Registering versionmerge in users ~/.gitconfig
Done.

Setup this repo to use versionmerge
-----------------------------------
.gitattributes is already setup for versionmerge
item: /home/mjohnson/puppet-cfg/modules/opsprivate has been version-merged

Setup the new merge driver
--------------------------
Registering versionmerge in users ~/.gitconfig
Done.

Setup this repo to use versionmerge
-----------------------------------
.gitattributes is already setup for versionmerge
item: /home/mjohnson/puppet-cfg/modules/oracle has been version-merged

Setup the new merge driver
--------------------------
Registering versionmerge in users ~/.gitconfig
Done.

Setup this repo to use versionmerge
-----------------------------------
.gitattributes is already setup for versionmerge
item: /home/mjohnson/puppet-cfg/modules/oracleapps has been version-merged

Setup the new merge driver
--------------------------
Registering versionmerge in users ~/.gitconfig
Done.

Setup this repo to use versionmerge
-----------------------------------
.gitattributes is already setup for versionmerge
item: /home/mjohnson/puppet-cfg/modules/oracleweb has been version-merged

Setup the new merge driver
--------------------------
Registering versionmerge in users ~/.gitconfig
Done.

Setup this repo to use versionmerge
-----------------------------------
.gitattributes is already setup for versionmerge
item: /home/mjohnson/puppet-cfg/modules/paging has been version-merged

Setup the new merge driver
--------------------------
Registering versionmerge in users ~/.gitconfig
Done.

Setup this repo to use versionmerge
-----------------------------------
.gitattributes is already setup for versionmerge
item: /home/mjohnson/puppet-cfg/modules/partnercenter has been version-merged

Setup the new merge driver
--------------------------
Registering versionmerge in users ~/.gitconfig
Done.

Setup this repo to use versionmerge
-----------------------------------
.gitattributes is already setup for versionmerge
item: /home/mjohnson/puppet-cfg/modules/passwords has been version-merged

Setup the new merge driver
--------------------------
Registering versionmerge in users ~/.gitconfig
Done.

Setup this repo to use versionmerge
-----------------------------------
.gitattributes is already setup for versionmerge
item: /home/mjohnson/puppet-cfg/modules/pc has been version-merged

Setup the new merge driver
--------------------------
Registering versionmerge in users ~/.gitconfig
Done.

Setup this repo to use versionmerge
-----------------------------------
.gitattributes is already setup for versionmerge
item: /home/mjohnson/puppet-cfg/modules/perlapp has been version-merged

Setup the new merge driver
--------------------------
Registering versionmerge in users ~/.gitconfig
Done.

Setup this repo to use versionmerge
-----------------------------------
.gitattributes is already setup for versionmerge
item: /home/mjohnson/puppet-cfg/modules/phpapp has been version-merged

Setup the new merge driver
--------------------------
Registering versionmerge in users ~/.gitconfig
Done.

Setup this repo to use versionmerge
-----------------------------------
.gitattributes is already setup for versionmerge
item: /home/mjohnson/puppet-cfg/modules/picketlink has been version-merged

Setup the new merge driver
--------------------------
Registering versionmerge in users ~/.gitconfig
Done.

Setup this repo to use versionmerge
-----------------------------------
.gitattributes is already setup for versionmerge
item: /home/mjohnson/puppet-cfg/modules/piwik has been version-merged

Setup the new merge driver
--------------------------
Registering versionmerge in users ~/.gitconfig
Done.

Setup this repo to use versionmerge
-----------------------------------
.gitattributes is already setup for versionmerge
item: /home/mjohnson/puppet-cfg/modules/postfix has been version-merged

Setup the new merge driver
--------------------------
Registering versionmerge in users ~/.gitconfig
Done.

Setup this repo to use versionmerge
-----------------------------------
.gitattributes is already setup for versionmerge
item: /home/mjohnson/puppet-cfg/modules/postgres has been version-merged

Setup the new merge driver
--------------------------
Registering versionmerge in users ~/.gitconfig
Done.

Setup this repo to use versionmerge
-----------------------------------
.gitattributes is already setup for versionmerge
item: /home/mjohnson/puppet-cfg/modules/prelude has been version-merged

Setup the new merge driver
--------------------------
Registering versionmerge in users ~/.gitconfig
Done.

Setup this repo to use versionmerge
-----------------------------------
.gitattributes is already setup for versionmerge
item: /home/mjohnson/puppet-cfg/modules/proxy has been version-merged

Setup the new merge driver
--------------------------
Registering versionmerge in users ~/.gitconfig
Done.

Setup this repo to use versionmerge
-----------------------------------
.gitattributes is already setup for versionmerge
item: /home/mjohnson/puppet-cfg/modules/proxyext has been version-merged

Setup the new merge driver
--------------------------
Registering versionmerge in users ~/.gitconfig
Done.

Setup this repo to use versionmerge
-----------------------------------
.gitattributes is already setup for versionmerge
item: /home/mjohnson/puppet-cfg/modules/proxyint has been version-merged

Setup the new merge driver
--------------------------
Registering versionmerge in users ~/.gitconfig
Done.

Setup this repo to use versionmerge
-----------------------------------
.gitattributes is already setup for versionmerge
item: /home/mjohnson/puppet-cfg/modules/psb has been version-merged

Setup the new merge driver
--------------------------
Registering versionmerge in users ~/.gitconfig
Done.

Setup this repo to use versionmerge
-----------------------------------
.gitattributes is already setup for versionmerge
item: /home/mjohnson/puppet-cfg/modules/pulp has been version-merged

Setup the new merge driver
--------------------------
Registering versionmerge in users ~/.gitconfig
Done.

Setup this repo to use versionmerge
-----------------------------------
.gitattributes is already setup for versionmerge
item: /home/mjohnson/puppet-cfg/modules/puppet has been version-merged

Setup the new merge driver
--------------------------
Registering versionmerge in users ~/.gitconfig
Done.

Setup this repo to use versionmerge
-----------------------------------
.gitattributes is already setup for versionmerge
item: /home/mjohnson/puppet-cfg/modules/puppetdb has been version-merged

Setup the new merge driver
--------------------------
Registering versionmerge in users ~/.gitconfig
Done.

Setup this repo to use versionmerge
-----------------------------------
.gitattributes is already setup for versionmerge
item: /home/mjohnson/puppet-cfg/modules/remedy has been version-merged

Setup the new merge driver
--------------------------
Registering versionmerge in users ~/.gitconfig
Done.

Setup this repo to use versionmerge
-----------------------------------
.gitattributes is already setup for versionmerge
item: /home/mjohnson/puppet-cfg/modules/repos has been version-merged

Setup the new merge driver
--------------------------
Registering versionmerge in users ~/.gitconfig
Done.

Setup this repo to use versionmerge
-----------------------------------
.gitattributes is already setup for versionmerge
item: /home/mjohnson/puppet-cfg/modules/requesttracker has been version-merged

Setup the new merge driver
--------------------------
Registering versionmerge in users ~/.gitconfig
Done.

Setup this repo to use versionmerge
-----------------------------------
.gitattributes is already setup for versionmerge
item: /home/mjohnson/puppet-cfg/modules/retrace has been version-merged

Setup the new merge driver
--------------------------
Registering versionmerge in users ~/.gitconfig
Done.

Setup this repo to use versionmerge
-----------------------------------
.gitattributes is already setup for versionmerge
item: /home/mjohnson/puppet-cfg/modules/rham has been version-merged

Setup the new merge driver
--------------------------
Registering versionmerge in users ~/.gitconfig
Done.

Setup this repo to use versionmerge
-----------------------------------
.gitattributes is already setup for versionmerge
item: /home/mjohnson/puppet-cfg/modules/rhconnect has been version-merged

Setup the new merge driver
--------------------------
Registering versionmerge in users ~/.gitconfig
Done.

Setup this repo to use versionmerge
-----------------------------------
.gitattributes is already setup for versionmerge
item: /home/mjohnson/puppet-cfg/modules/rhev has been version-merged

Setup the new merge driver
--------------------------
Registering versionmerge in users ~/.gitconfig
Done.

Setup this repo to use versionmerge
-----------------------------------
.gitattributes is already setup for versionmerge
item: /home/mjohnson/puppet-cfg/modules/rhn has been version-merged

Setup the new merge driver
--------------------------
Registering versionmerge in users ~/.gitconfig
Done.

Setup this repo to use versionmerge
-----------------------------------
.gitattributes is already setup for versionmerge
item: /home/mjohnson/puppet-cfg/modules/rhndev has been version-merged

Setup the new merge driver
--------------------------
Registering versionmerge in users ~/.gitconfig
Done.

Setup this repo to use versionmerge
-----------------------------------
.gitattributes is already setup for versionmerge
item: /home/mjohnson/puppet-cfg/modules/rhs has been version-merged

Setup the new merge driver
--------------------------
Registering versionmerge in users ~/.gitconfig
Done.

Setup this repo to use versionmerge
-----------------------------------
.gitattributes is already setup for versionmerge
item: /home/mjohnson/puppet-cfg/modules/rhsmadmin has been version-merged

Setup the new merge driver
--------------------------
Registering versionmerge in users ~/.gitconfig
Done.

Setup this repo to use versionmerge
-----------------------------------
.gitattributes is already setup for versionmerge
item: /home/mjohnson/puppet-cfg/modules/rhsmweb has been version-merged

Setup the new merge driver
--------------------------
Registering versionmerge in users ~/.gitconfig
Done.

Setup this repo to use versionmerge
-----------------------------------
.gitattributes is already setup for versionmerge
item: /home/mjohnson/puppet-cfg/modules/rhusers has been version-merged

Setup the new merge driver
--------------------------
Registering versionmerge in users ~/.gitconfig
Done.

Setup this repo to use versionmerge
-----------------------------------
.gitattributes is already setup for versionmerge
item: /home/mjohnson/puppet-cfg/modules/rosetta has been version-merged

Setup the new merge driver
--------------------------
Registering versionmerge in users ~/.gitconfig
Done.

Setup this repo to use versionmerge
-----------------------------------
.gitattributes is already setup for versionmerge
item: /home/mjohnson/puppet-cfg/modules/rsa has been version-merged

Setup the new merge driver
--------------------------
Registering versionmerge in users ~/.gitconfig
Done.

Setup this repo to use versionmerge
-----------------------------------
.gitattributes is already setup for versionmerge
item: /home/mjohnson/puppet-cfg/modules/rsync has been version-merged

Setup the new merge driver
--------------------------
Registering versionmerge in users ~/.gitconfig
Done.

Setup this repo to use versionmerge
-----------------------------------
.gitattributes is already setup for versionmerge
item: /home/mjohnson/puppet-cfg/modules/rsyslog has been version-merged

Setup the new merge driver
--------------------------
Registering versionmerge in users ~/.gitconfig
Done.

Setup this repo to use versionmerge
-----------------------------------
.gitattributes is already setup for versionmerge
item: /home/mjohnson/puppet-cfg/modules/saba has been version-merged

Setup the new merge driver
--------------------------
Registering versionmerge in users ~/.gitconfig
Done.

Setup this repo to use versionmerge
-----------------------------------
.gitattributes is already setup for versionmerge
item: /home/mjohnson/puppet-cfg/modules/samba has been version-merged

Setup the new merge driver
--------------------------
Registering versionmerge in users ~/.gitconfig
Done.

Setup this repo to use versionmerge
-----------------------------------
.gitattributes is already setup for versionmerge
item: /home/mjohnson/puppet-cfg/modules/satellite has been version-merged

Setup the new merge driver
--------------------------
Registering versionmerge in users ~/.gitconfig
Done.

Setup this repo to use versionmerge
-----------------------------------
.gitattributes is already setup for versionmerge
item: /home/mjohnson/puppet-cfg/modules/sdtools has been version-merged

Setup the new merge driver
--------------------------
Registering versionmerge in users ~/.gitconfig
Done.

Setup this repo to use versionmerge
-----------------------------------
.gitattributes is already setup for versionmerge
item: /home/mjohnson/puppet-cfg/modules/selinux has been version-merged

Setup the new merge driver
--------------------------
Registering versionmerge in users ~/.gitconfig
Done.

Setup this repo to use versionmerge
-----------------------------------
.gitattributes is already setup for versionmerge
item: /home/mjohnson/puppet-cfg/modules/servicedesk_inventory has been version-merged

Setup the new merge driver
--------------------------
Registering versionmerge in users ~/.gitconfig
Done.

Setup this repo to use versionmerge
-----------------------------------
.gitattributes is already setup for versionmerge
item: /home/mjohnson/puppet-cfg/modules/servicenow has been version-merged

Setup the new merge driver
--------------------------
Registering versionmerge in users ~/.gitconfig
Done.

Setup this repo to use versionmerge
-----------------------------------
.gitattributes is already setup for versionmerge
item: /home/mjohnson/puppet-cfg/modules/services has been version-merged

Setup the new merge driver
--------------------------
Registering versionmerge in users ~/.gitconfig
Done.

Setup this repo to use versionmerge
-----------------------------------
.gitattributes is already setup for versionmerge
item: /home/mjohnson/puppet-cfg/modules/serviceseap6 has been version-merged

Setup the new merge driver
--------------------------
Registering versionmerge in users ~/.gitconfig
Done.

Setup this repo to use versionmerge
-----------------------------------
.gitattributes is already setup for versionmerge
item: /home/mjohnson/puppet-cfg/modules/shibboleth has been version-merged

Setup the new merge driver
--------------------------
Registering versionmerge in users ~/.gitconfig
Done.

Setup this repo to use versionmerge
-----------------------------------
.gitattributes is already setup for versionmerge
item: /home/mjohnson/puppet-cfg/modules/sinkhole has been version-merged

Setup the new merge driver
--------------------------
Registering versionmerge in users ~/.gitconfig
Done.

Setup this repo to use versionmerge
-----------------------------------
.gitattributes is already setup for versionmerge
item: /home/mjohnson/puppet-cfg/modules/snmp has been version-merged

Setup the new merge driver
--------------------------
Registering versionmerge in users ~/.gitconfig
Done.

Setup this repo to use versionmerge
-----------------------------------
.gitattributes is already setup for versionmerge
item: /home/mjohnson/puppet-cfg/modules/soctools has been version-merged

Setup the new merge driver
--------------------------
Registering versionmerge in users ~/.gitconfig
Done.

Setup this repo to use versionmerge
-----------------------------------
.gitattributes is already setup for versionmerge
item: /home/mjohnson/puppet-cfg/modules/sorry has been version-merged

Setup the new merge driver
--------------------------
Registering versionmerge in users ~/.gitconfig
Done.

Setup this repo to use versionmerge
-----------------------------------
.gitattributes is already setup for versionmerge
item: /home/mjohnson/puppet-cfg/modules/spam has been version-merged

Setup the new merge driver
--------------------------
Registering versionmerge in users ~/.gitconfig
Done.

Setup this repo to use versionmerge
-----------------------------------
.gitattributes is already setup for versionmerge
item: /home/mjohnson/puppet-cfg/modules/spambot has been version-merged

Setup the new merge driver
--------------------------
Registering versionmerge in users ~/.gitconfig
Done.

Setup this repo to use versionmerge
-----------------------------------
.gitattributes is already setup for versionmerge
item: /home/mjohnson/puppet-cfg/modules/splunk has been version-merged

Setup the new merge driver
--------------------------
Registering versionmerge in users ~/.gitconfig
Done.

Setup this repo to use versionmerge
-----------------------------------
.gitattributes is already setup for versionmerge
item: /home/mjohnson/puppet-cfg/modules/squid has been version-merged

Setup the new merge driver
--------------------------
Registering versionmerge in users ~/.gitconfig
Done.

Setup this repo to use versionmerge
-----------------------------------
.gitattributes is already setup for versionmerge
item: /home/mjohnson/puppet-cfg/modules/ssh has been version-merged

Setup the new merge driver
--------------------------
Registering versionmerge in users ~/.gitconfig
Done.

Setup this repo to use versionmerge
-----------------------------------
.gitattributes is already setup for versionmerge
item: /home/mjohnson/puppet-cfg/modules/ssofed has been version-merged

Setup the new merge driver
--------------------------
Registering versionmerge in users ~/.gitconfig
Done.

Setup this repo to use versionmerge
-----------------------------------
.gitattributes is already setup for versionmerge
item: /home/mjohnson/puppet-cfg/modules/ssosyncsrv has been version-merged

Setup the new merge driver
--------------------------
Registering versionmerge in users ~/.gitconfig
Done.

Setup this repo to use versionmerge
-----------------------------------
.gitattributes is already setup for versionmerge
item: /home/mjohnson/puppet-cfg/modules/ssportal has been version-merged

Setup the new merge driver
--------------------------
Registering versionmerge in users ~/.gitconfig
Done.

Setup this repo to use versionmerge
-----------------------------------
.gitattributes is already setup for versionmerge
item: /home/mjohnson/puppet-cfg/modules/sssd has been version-merged

Setup the new merge driver
--------------------------
Registering versionmerge in users ~/.gitconfig
Done.

Setup this repo to use versionmerge
-----------------------------------
.gitattributes is already setup for versionmerge
item: /home/mjohnson/puppet-cfg/modules/staticweb has been version-merged

Setup the new merge driver
--------------------------
Registering versionmerge in users ~/.gitconfig
Done.

Setup this repo to use versionmerge
-----------------------------------
.gitattributes is already setup for versionmerge
item: /home/mjohnson/puppet-cfg/modules/stdlib has been version-merged

Setup the new merge driver
--------------------------
Registering versionmerge in users ~/.gitconfig
Done.

Setup this repo to use versionmerge
-----------------------------------
.gitattributes is already setup for versionmerge
item: /home/mjohnson/puppet-cfg/modules/storage has been version-merged

Setup the new merge driver
--------------------------
Registering versionmerge in users ~/.gitconfig
Done.

Setup this repo to use versionmerge
-----------------------------------
.gitattributes is already setup for versionmerge
item: /home/mjohnson/puppet-cfg/modules/stun has been version-merged

Setup the new merge driver
--------------------------
Registering versionmerge in users ~/.gitconfig
Done.

Setup this repo to use versionmerge
-----------------------------------
.gitattributes is already setup for versionmerge
item: /home/mjohnson/puppet-cfg/modules/sudo has been version-merged

Setup the new merge driver
--------------------------
Registering versionmerge in users ~/.gitconfig
Done.

Setup this repo to use versionmerge
-----------------------------------
.gitattributes is already setup for versionmerge
item: /home/mjohnson/puppet-cfg/modules/supybot has been version-merged

Setup the new merge driver
--------------------------
Registering versionmerge in users ~/.gitconfig
Done.

Setup this repo to use versionmerge
-----------------------------------
.gitattributes is already setup for versionmerge
item: /home/mjohnson/puppet-cfg/modules/switchyard has been version-merged

Setup the new merge driver
--------------------------
Registering versionmerge in users ~/.gitconfig
Done.

Setup this repo to use versionmerge
-----------------------------------
.gitattributes is already setup for versionmerge
item: /home/mjohnson/puppet-cfg/modules/systemtap has been version-merged

Setup the new merge driver
--------------------------
Registering versionmerge in users ~/.gitconfig
Done.

Setup this repo to use versionmerge
-----------------------------------
.gitattributes is already setup for versionmerge
item: /home/mjohnson/puppet-cfg/modules/tftp has been version-merged

Setup the new merge driver
--------------------------
Registering versionmerge in users ~/.gitconfig
Done.

Setup this repo to use versionmerge
-----------------------------------
.gitattributes is already setup for versionmerge
item: /home/mjohnson/puppet-cfg/modules/tnslisteners has been version-merged

Setup the new merge driver
--------------------------
Registering versionmerge in users ~/.gitconfig
Done.

Setup this repo to use versionmerge
-----------------------------------
.gitattributes is already setup for versionmerge
item: /home/mjohnson/puppet-cfg/modules/tomcat has been version-merged

Setup the new merge driver
--------------------------
Registering versionmerge in users ~/.gitconfig
Done.

Setup this repo to use versionmerge
-----------------------------------
.gitattributes is already setup for versionmerge
item: /home/mjohnson/puppet-cfg/modules/tracelytics has been version-merged

Setup the new merge driver
--------------------------
Registering versionmerge in users ~/.gitconfig
Done.

Setup this repo to use versionmerge
-----------------------------------
.gitattributes is already setup for versionmerge
item: /home/mjohnson/puppet-cfg/modules/util has been version-merged

Setup the new merge driver
--------------------------
Registering versionmerge in users ~/.gitconfig
Done.

Setup this repo to use versionmerge
-----------------------------------
.gitattributes is already setup for versionmerge
item: /home/mjohnson/puppet-cfg/modules/validation has been version-merged

Setup the new merge driver
--------------------------
Registering versionmerge in users ~/.gitconfig
Done.

Setup this repo to use versionmerge
-----------------------------------
.gitattributes is already setup for versionmerge
item: /home/mjohnson/puppet-cfg/modules/vaporizer has been version-merged

Setup the new merge driver
--------------------------
Registering versionmerge in users ~/.gitconfig
Done.

Setup this repo to use versionmerge
-----------------------------------
.gitattributes is already setup for versionmerge
item: /home/mjohnson/puppet-cfg/modules/virtualization has been version-merged

Setup the new merge driver
--------------------------
Registering versionmerge in users ~/.gitconfig
Done.

Setup this repo to use versionmerge
-----------------------------------
.gitattributes is already setup for versionmerge
item: /home/mjohnson/puppet-cfg/modules/wabash has been version-merged

Setup the new merge driver
--------------------------
Registering versionmerge in users ~/.gitconfig
Done.

Setup this repo to use versionmerge
-----------------------------------
.gitattributes is already setup for versionmerge
item: /home/mjohnson/puppet-cfg/modules/webcms has been version-merged

Setup the new merge driver
--------------------------
Registering versionmerge in users ~/.gitconfig
Done.

Setup this repo to use versionmerge
-----------------------------------
.gitattributes is already setup for versionmerge
item: /home/mjohnson/puppet-cfg/modules/webdav has been version-merged

Setup the new merge driver
--------------------------
Registering versionmerge in users ~/.gitconfig
Done.

Setup this repo to use versionmerge
-----------------------------------
.gitattributes is already setup for versionmerge
item: /home/mjohnson/puppet-cfg/modules/webdrupal has been version-merged

Setup the new merge driver
--------------------------
Registering versionmerge in users ~/.gitconfig
Done.

Setup this repo to use versionmerge
-----------------------------------
.gitattributes is already setup for versionmerge
item: /home/mjohnson/puppet-cfg/modules/webmail has been version-merged

Setup the new merge driver
--------------------------
Registering versionmerge in users ~/.gitconfig
Done.

Setup this repo to use versionmerge
-----------------------------------
.gitattributes is already setup for versionmerge
item: /home/mjohnson/puppet-cfg/modules/websync has been version-merged

Setup the new merge driver
--------------------------
Registering versionmerge in users ~/.gitconfig
Done.

Setup this repo to use versionmerge
-----------------------------------
.gitattributes is already setup for versionmerge
item: /home/mjohnson/puppet-cfg/modules/wget has been version-merged

Setup the new merge driver
--------------------------
Registering versionmerge in users ~/.gitconfig
Done.

Setup this repo to use versionmerge
-----------------------------------
.gitattributes is already setup for versionmerge
item: /home/mjohnson/puppet-cfg/modules/wiki has been version-merged

Setup the new merge driver
--------------------------
Registering versionmerge in users ~/.gitconfig
Done.

Setup this repo to use versionmerge
-----------------------------------
.gitattributes is already setup for versionmerge
item: /home/mjohnson/puppet-cfg/modules/www has been version-merged

Setup the new merge driver
--------------------------
Registering versionmerge in users ~/.gitconfig
Done.

Setup this repo to use versionmerge
-----------------------------------
.gitattributes is already setup for versionmerge
item: /home/mjohnson/puppet-cfg/modules/wwwproxy has been version-merged

Setup the new merge driver
--------------------------
Registering versionmerge in users ~/.gitconfig
Done.

Setup this repo to use versionmerge
-----------------------------------
.gitattributes is already setup for versionmerge
item: /home/mjohnson/puppet-cfg/modules/xen has been version-merged

Setup the new merge driver
--------------------------
Registering versionmerge in users ~/.gitconfig
Done.

Setup this repo to use versionmerge
-----------------------------------
.gitattributes is already setup for versionmerge
item: /home/mjohnson/puppet-cfg/modules/xinetd has been version-merged

Setup the new merge driver
--------------------------
Registering versionmerge in users ~/.gitconfig
Done.

Setup this repo to use versionmerge
-----------------------------------
.gitattributes is already setup for versionmerge
item: /home/mjohnson/puppet-cfg/modules/yum has been version-merged

Setup the new merge driver
--------------------------
Registering versionmerge in users ~/.gitconfig
Done.

Setup this repo to use versionmerge
-----------------------------------
.gitattributes is already setup for versionmerge
item: /home/mjohnson/puppet-cfg/modules/zenoss has been version-merged

Setup the new merge driver
--------------------------
Registering versionmerge in users ~/.gitconfig
Done.

Setup this repo to use versionmerge
-----------------------------------
.gitattributes is already setup for versionmerge
item: /home/mjohnson/puppet-cfg/modules/zimbra has been version-merged

Setup the new merge driver
--------------------------
Registering versionmerge in users ~/.gitconfig
Done.

Setup this repo to use versionmerge
-----------------------------------
.gitattributes is already setup for versionmerge
item: /home/mjohnson/puppet-cfg/modules/znc has been version-merged

